<?xml version="1.0" encoding="UTF-8"?>
<testng-results ignored="0" total="1" passed="1" failed="0" skipped="0">
  <reporter-output>
  </reporter-output>
  <suite started-at="2023-08-11T10:14:31 IST" name="TuturialNinj" finished-at="2023-08-11T10:14:50 IST" duration-ms="18761">
    <groups>
    </groups>
    <test started-at="2023-08-11T10:14:31 IST" name="BankingTest1" finished-at="2023-08-11T10:14:50 IST" duration-ms="18761">
      <class name="TestCases.TC_LoginTest001">
        <test-method is-config="true" signature="setup()[pri:0, instance:TestCases.TC_LoginTest001@593aaf41]" started-at="2023-08-11T10:14:32 IST" name="setup" finished-at="2023-08-11T10:14:40 IST" duration-ms="8692" status="PASS">
          <reporter-output>
          </reporter-output>
        </test-method> <!-- setup -->
        <test-method signature="loginTest()[pri:0, instance:TestCases.TC_LoginTest001@593aaf41]" started-at="2023-08-11T10:14:40 IST" name="loginTest" finished-at="2023-08-11T10:14:49 IST" duration-ms="8653" status="PASS">
          <reporter-output>
          </reporter-output>
        </test-method> <!-- loginTest -->
        <test-method is-config="true" signature="tearup()[pri:0, instance:TestCases.TC_LoginTest001@593aaf41]" started-at="2023-08-11T10:14:49 IST" name="tearup" finished-at="2023-08-11T10:14:50 IST" duration-ms="808" status="PASS">
          <reporter-output>
          </reporter-output>
        </test-method> <!-- tearup -->
      </class> <!-- TestCases.TC_LoginTest001 -->
    </test> <!-- BankingTest1 -->
  </suite> <!-- TuturialNinj -->
</testng-results>
