<?xml version="1.0" encoding="UTF-8"?>
<testng-results skipped="0" failed="0" ignored="0" total="1" passed="1">
  <reporter-output>
  </reporter-output>
  <suite name="TuturialNinj" duration-ms="18922" started-at="2023-08-11T10:07:49 IST" finished-at="2023-08-11T10:08:08 IST">
    <groups>
    </groups>
    <test name="BankingTest1" duration-ms="18922" started-at="2023-08-11T10:07:49 IST" finished-at="2023-08-11T10:08:08 IST">
      <class name="TestCases.TC_LoginTest001">
        <test-method status="PASS" signature="setup()[pri:0, instance:TestCases.TC_LoginTest001@587c290d]" name="setup" is-config="true" duration-ms="11660" started-at="2023-08-11T10:07:50 IST" finished-at="2023-08-11T10:08:01 IST">
          <reporter-output>
          </reporter-output>
        </test-method> <!-- setup -->
        <test-method status="PASS" signature="loginTest()[pri:0, instance:TestCases.TC_LoginTest001@587c290d]" name="loginTest" duration-ms="5497" started-at="2023-08-11T10:08:01 IST" finished-at="2023-08-11T10:08:07 IST">
          <reporter-output>
          </reporter-output>
        </test-method> <!-- loginTest -->
        <test-method status="PASS" signature="tearup()[pri:0, instance:TestCases.TC_LoginTest001@587c290d]" name="tearup" is-config="true" duration-ms="1150" started-at="2023-08-11T10:08:07 IST" finished-at="2023-08-11T10:08:08 IST">
          <reporter-output>
          </reporter-output>
        </test-method> <!-- tearup -->
      </class> <!-- TestCases.TC_LoginTest001 -->
    </test> <!-- BankingTest1 -->
  </suite> <!-- TuturialNinj -->
</testng-results>
